<?xml version="1.0" encoding="UTF-8"?>
<testsuite xmlns:xsi="http://www.w3.org/2001/XMLSchema-instance" xsi:noNamespaceSchemaLocation="https://maven.apache.org/surefire/maven-surefire-plugin/xsd/surefire-test-report-3.0.xsd" version="3.0" name="fr.umlv.javainside.LoggerTest" time="0.039" tests="5" errors="0" skipped="0" failures="0">
  <properties>
    <property name="java.specification.version" value="15"/>
    <property name="sun.jnu.encoding" value="UTF-8"/>
    <property name="java.class.path" value="/home/6ifo2/sassie/git/java-inside/lab4/target/test-classes:/home/6ifo2/sassie/git/java-inside/lab4/target/classes:/home/6ifo2/sassie/.m2/repository/org/junit/jupiter/junit-jupiter-api/5.7.0/junit-jupiter-api-5.7.0.jar:/home/6ifo2/sassie/.m2/repository/org/apiguardian/apiguardian-api/1.1.0/apiguardian-api-1.1.0.jar:/home/6ifo2/sassie/.m2/repository/org/opentest4j/opentest4j/1.2.0/opentest4j-1.2.0.jar:/home/6ifo2/sassie/.m2/repository/org/junit/platform/junit-platform-commons/1.7.0/junit-platform-commons-1.7.0.jar:/home/6ifo2/sassie/.m2/repository/org/openjdk/jmh/jmh-core/1.25.2/jmh-core-1.25.2.jar:/home/6ifo2/sassie/.m2/repository/net/sf/jopt-simple/jopt-simple/4.6/jopt-simple-4.6.jar:/home/6ifo2/sassie/.m2/repository/org/apache/commons/commons-math3/3.2/commons-math3-3.2.jar:/home/6ifo2/sassie/.m2/repository/org/openjdk/jmh/jmh-generator-annprocess/1.25.2/jmh-generator-annprocess-1.25.2.jar:/home/6ifo2/sassie/.m2/repository/org/junit/jupiter/junit-jupiter-engine/5.7.0/junit-jupiter-engine-5.7.0.jar:/home/6ifo2/sassie/.m2/repository/org/junit/platform/junit-platform-engine/1.7.0/junit-platform-engine-1.7.0.jar:"/>
    <property name="java.vm.vendor" value="Oracle Corporation"/>
    <property name="sun.arch.data.model" value="64"/>
    <property name="java.vendor.url" value="https://java.oracle.com/"/>
    <property name="os.name" value="Linux"/>
    <property name="java.vm.specification.version" value="15"/>
    <property name="sun.java.launcher" value="SUN_STANDARD"/>
    <property name="user.country" value="FR"/>
    <property name="sun.boot.library.path" value="/usr/local/apps/alternatives/java/jdk-15/lib"/>
    <property name="sun.java.command" value="/home/6ifo2/sassie/git/java-inside/lab4/target/surefire/surefirebooter18027349951685728309.jar /home/6ifo2/sassie/git/java-inside/lab4/target/surefire 2020-10-13T14-48-40_111-jvmRun1 surefire5337585650716236494tmp surefire_313039265492669321075tmp"/>
    <property name="jdk.debug" value="release"/>
    <property name="surefire.test.class.path" value="/home/6ifo2/sassie/git/java-inside/lab4/target/test-classes:/home/6ifo2/sassie/git/java-inside/lab4/target/classes:/home/6ifo2/sassie/.m2/repository/org/junit/jupiter/junit-jupiter-api/5.7.0/junit-jupiter-api-5.7.0.jar:/home/6ifo2/sassie/.m2/repository/org/apiguardian/apiguardian-api/1.1.0/apiguardian-api-1.1.0.jar:/home/6ifo2/sassie/.m2/repository/org/opentest4j/opentest4j/1.2.0/opentest4j-1.2.0.jar:/home/6ifo2/sassie/.m2/repository/org/junit/platform/junit-platform-commons/1.7.0/junit-platform-commons-1.7.0.jar:/home/6ifo2/sassie/.m2/repository/org/openjdk/jmh/jmh-core/1.25.2/jmh-core-1.25.2.jar:/home/6ifo2/sassie/.m2/repository/net/sf/jopt-simple/jopt-simple/4.6/jopt-simple-4.6.jar:/home/6ifo2/sassie/.m2/repository/org/apache/commons/commons-math3/3.2/commons-math3-3.2.jar:/home/6ifo2/sassie/.m2/repository/org/openjdk/jmh/jmh-generator-annprocess/1.25.2/jmh-generator-annprocess-1.25.2.jar:/home/6ifo2/sassie/.m2/repository/org/junit/jupiter/junit-jupiter-engine/5.7.0/junit-jupiter-engine-5.7.0.jar:/home/6ifo2/sassie/.m2/repository/org/junit/platform/junit-platform-engine/1.7.0/junit-platform-engine-1.7.0.jar:"/>
    <property name="sun.cpu.endian" value="little"/>
    <property name="user.home" value="/home/6ifo2/sassie"/>
    <property name="user.language" value="fr"/>
    <property name="java.specification.vendor" value="Oracle Corporation"/>
    <property name="java.version.date" value="2020-09-15"/>
    <property name="java.home" value="/usr/local/apps/alternatives/java/jdk-15"/>
    <property name="file.separator" value="/"/>
    <property name="basedir" value="/home/6ifo2/sassie/git/java-inside/lab4"/>
    <property name="java.vm.compressedOopsMode" value="Zero based"/>
    <property name="line.separator" value="&#10;"/>
    <property name="java.vm.specification.vendor" value="Oracle Corporation"/>
    <property name="java.specification.name" value="Java Platform API Specification"/>
    <property name="surefire.real.class.path" value="/home/6ifo2/sassie/git/java-inside/lab4/target/surefire/surefirebooter18027349951685728309.jar"/>
    <property name="sun.management.compiler" value="HotSpot 64-Bit Tiered Compilers"/>
    <property name="java.runtime.version" value="15+36-1562"/>
    <property name="user.name" value="sassie"/>
    <property name="path.separator" value=":"/>
    <property name="os.version" value="4.19.0-9-amd64"/>
    <property name="java.runtime.name" value="OpenJDK Runtime Environment"/>
    <property name="file.encoding" value="UTF-8"/>
    <property name="java.vm.name" value="OpenJDK 64-Bit Server VM"/>
    <property name="localRepository" value="/home/6ifo2/sassie/.m2/repository"/>
    <property name="java.vendor.url.bug" value="https://bugreport.java.com/bugreport/"/>
    <property name="java.io.tmpdir" value="/tmp"/>
    <property name="idea.version" value="2020.2.1"/>
    <property name="java.version" value="15"/>
    <property name="user.dir" value="/home/6ifo2/sassie/git/java-inside/lab4"/>
    <property name="os.arch" value="amd64"/>
    <property name="java.vm.specification.name" value="Java Virtual Machine Specification"/>
    <property name="java.library.path" value="/usr/java/packages/lib:/usr/lib64:/lib64:/lib:/usr/lib"/>
    <property name="java.vm.info" value="mixed mode, sharing"/>
    <property name="java.vendor" value="Oracle Corporation"/>
    <property name="java.vm.version" value="15+36-1562"/>
    <property name="sun.io.unicode.encoding" value="UnicodeLittle"/>
    <property name="java.class.version" value="59.0"/>
  </properties>
  <testcase name="lambdaOfTest" classname="fr.umlv.javainside.LoggerTest" time="0.018"/>
  <testcase name="ofError" classname="fr.umlv.javainside.LoggerTest" time="0.004"/>
  <testcase name="logWithNullAsValue" classname="fr.umlv.javainside.LoggerTest" time="0.003"/>
  <testcase name="ofTest" classname="fr.umlv.javainside.LoggerTest" time="0.001"/>
  <testcase name="logTest" classname="fr.umlv.javainside.LoggerTest" time="0.002"/>
</testsuite>